<?xml version="1.0" encoding="UTF-8"?>
<robot generator="Robot 5.0.1 (Python 3.10.4 on win32)" generated="20220726 22:06:35.590" rpa="false" schemaversion="3">
<suite id="s1" name="Comprar Passagem Lista" source="C:\Users\corre\PycharmProjects\fts134_robot_framework\tests\web\comprar_passagem_lista.robot">
<test id="s1-t1" name="Passagem Paris - Buenos Aires" line="13">
<kw name="Abrir Navegador" library="base" type="SETUP">
<kw name="Open Browser" library="SeleniumLibrary">
<arg>${url}</arg>
<arg>${browser}</arg>
<doc>Opens a new browser instance to the optional ``url``.</doc>
<msg timestamp="20220726 22:06:35.979" level="INFO">Opening browser 'Chrome' to base url 'https://www.blazedemo.com'.</msg>
<status status="PASS" starttime="20220726 22:06:35.978" endtime="20220726 22:06:39.159"/>
</kw>
<status status="PASS" starttime="20220726 22:06:35.978" endtime="20220726 22:06:39.159"/>
</kw>
<kw name="Selecionar Origem e Destino">
<arg>Paris</arg>
<arg>Buenos Aires</arg>
<msg timestamp="20220726 22:06:39.160" level="FAIL">Keyword 'Selecionar Origem e Destino' expected 0 arguments, got 2.</msg>
<status status="FAIL" starttime="20220726 22:06:39.160" endtime="20220726 22:06:39.160"/>
</kw>
<kw name="Fechar Navegador" library="base" type="TEARDOWN">
<kw name="Close Browser" library="SeleniumLibrary">
<doc>Closes the current browser.</doc>
<status status="PASS" starttime="20220726 22:06:39.164" endtime="20220726 22:06:41.600"/>
</kw>
<status status="PASS" starttime="20220726 22:06:39.162" endtime="20220726 22:06:41.600"/>
</kw>
<status status="FAIL" starttime="20220726 22:06:35.975" endtime="20220726 22:06:41.601">Keyword 'Selecionar Origem e Destino' expected 0 arguments, got 2.</status>
</test>
<test id="s1-t2" name="Passagem San Diego-Rome" line="14">
<kw name="Abrir Navegador" library="base" type="SETUP">
<kw name="Open Browser" library="SeleniumLibrary">
<arg>${url}</arg>
<arg>${browser}</arg>
<doc>Opens a new browser instance to the optional ``url``.</doc>
<msg timestamp="20220726 22:06:41.605" level="INFO">Opening browser 'Chrome' to base url 'https://www.blazedemo.com'.</msg>
<status status="PASS" starttime="20220726 22:06:41.605" endtime="20220726 22:06:44.493"/>
</kw>
<status status="PASS" starttime="20220726 22:06:41.604" endtime="20220726 22:06:44.493"/>
</kw>
<kw name="Selecionar Origem e Destino">
<arg>San Diego</arg>
<arg>Rome</arg>
<msg timestamp="20220726 22:06:44.494" level="FAIL">Keyword 'Selecionar Origem e Destino' expected 0 arguments, got 2.</msg>
<status status="FAIL" starttime="20220726 22:06:44.494" endtime="20220726 22:06:44.495"/>
</kw>
<kw name="Fechar Navegador" library="base" type="TEARDOWN">
<kw name="Close Browser" library="SeleniumLibrary">
<doc>Closes the current browser.</doc>
<status status="PASS" starttime="20220726 22:06:44.499" endtime="20220726 22:06:46.863"/>
</kw>
<status status="PASS" starttime="20220726 22:06:44.496" endtime="20220726 22:06:46.864"/>
</kw>
<status status="FAIL" starttime="20220726 22:06:41.603" endtime="20220726 22:06:46.864">Keyword 'Selecionar Origem e Destino' expected 0 arguments, got 2.</status>
</test>
<test id="s1-t3" name="CT22 - Boston-Berlin" line="15">
<kw name="Abrir Navegador" library="base" type="SETUP">
<kw name="Open Browser" library="SeleniumLibrary">
<arg>${url}</arg>
<arg>${browser}</arg>
<doc>Opens a new browser instance to the optional ``url``.</doc>
<msg timestamp="20220726 22:06:46.868" level="INFO">Opening browser 'Chrome' to base url 'https://www.blazedemo.com'.</msg>
<status status="PASS" starttime="20220726 22:06:46.868" endtime="20220726 22:06:49.889"/>
</kw>
<status status="PASS" starttime="20220726 22:06:46.867" endtime="20220726 22:06:49.890"/>
</kw>
<kw name="Selecionar Origem e Destino">
<arg>Boston</arg>
<arg>Berlin</arg>
<msg timestamp="20220726 22:06:49.891" level="FAIL">Keyword 'Selecionar Origem e Destino' expected 0 arguments, got 2.</msg>
<status status="FAIL" starttime="20220726 22:06:49.890" endtime="20220726 22:06:49.891"/>
</kw>
<kw name="Fechar Navegador" library="base" type="TEARDOWN">
<kw name="Close Browser" library="SeleniumLibrary">
<doc>Closes the current browser.</doc>
<status status="PASS" starttime="20220726 22:06:49.900" endtime="20220726 22:06:52.279"/>
</kw>
<status status="PASS" starttime="20220726 22:06:49.899" endtime="20220726 22:06:52.279"/>
</kw>
<status status="FAIL" starttime="20220726 22:06:46.866" endtime="20220726 22:06:52.280">Keyword 'Selecionar Origem e Destino' expected 0 arguments, got 2.</status>
</test>
<doc>Realizar compra de passagens a partir de uma lista</doc>
<status status="FAIL" starttime="20220726 22:06:35.593" endtime="20220726 22:06:52.284"/>
</suite>
<statistics>
<total>
<stat pass="0" fail="3" skip="0">All Tests</stat>
</total>
<tag>
</tag>
<suite>
<stat pass="0" fail="3" skip="0" id="s1" name="Comprar Passagem Lista">Comprar Passagem Lista</stat>
</suite>
</statistics>
<errors>
</errors>
</robot>
